2025-09-20 19:09:01,222 - INFO - Fixed Smart Attendance System initialized
2025-09-20 19:09:01,222 - INFO - Base directory: C:/Users/atifk/Desktop/Attendence/attendance_project
2025-09-20 19:09:01,222 - INFO - Loaded 0 students from database
2025-09-20 19:11:53,861 - INFO - Fixed Smart Attendance System initialized
2025-09-20 19:11:53,861 - INFO - Base directory: C:/Users/atifk/Desktop/Attendence/attendance_project
2025-09-20 19:11:53,861 - INFO - Loaded 0 students from database
2025-09-20 19:11:53,933 - INFO - Starting batch registration from folders...
2025-09-20 19:11:53,937 - INFO - Registering Student 001 (STUDENT_001) with 1 images
2025-09-20 19:17:19,332 - INFO - Fixed Smart Attendance System initialized
2025-09-20 19:17:19,332 - INFO - Base directory: C:/Users/atifk/Desktop/Attendence/attendance_project
2025-09-20 19:17:19,332 - INFO - Loaded 0 students from database
2025-09-20 19:17:19,380 - INFO - Starting batch registration from folders...
2025-09-20 19:17:19,382 - INFO - Registering Student 001 (STUDENT_001) with 1 images
2025-09-20 19:20:05,548 - INFO - Fixed Smart Attendance System initialized
2025-09-20 19:20:05,548 - INFO - Base directory: C:/Users/atifk/Desktop/Attendence/attendance_project
2025-09-20 19:20:05,548 - INFO - Loaded 0 students from database
2025-09-20 19:20:05,586 - INFO - Starting batch registration from folders...
2025-09-20 19:20:05,587 - INFO - Registering Student 001 (STUDENT_001) with 1 images
2025-09-20 19:27:02,219 - INFO - Fixed Smart Attendance System initialized
2025-09-20 19:27:02,219 - INFO - Base directory: C:/Users/atifk/Desktop/Attendence/attendance_project
2025-09-20 19:27:02,219 - INFO - Loaded 0 students from database
2025-09-20 19:27:02,271 - INFO - Starting batch registration from folders...
2025-09-20 19:27:02,274 - INFO - Registering Student 001 (STUDENT_001) with 2 images
2025-09-20 19:32:33,381 - INFO - Fixed Smart Attendance System initialized
2025-09-20 19:32:33,381 - INFO - Base directory: C:/Users/atifk/Desktop/Attendence/attendance_project
2025-09-20 19:32:33,381 - INFO - Loaded 0 students from database
2025-09-20 19:33:37,989 - INFO - Fixed Smart Attendance System initialized
2025-09-20 19:33:37,989 - INFO - Base directory: C:/Users/atifk/Desktop/Attendence/attendance_project
2025-09-20 19:33:37,989 - INFO - Loaded 0 students from database
2025-09-20 19:33:38,019 - INFO - Starting batch registration from folders...
2025-09-20 19:33:38,022 - INFO - Registering Student 001 (STUDENT_001) with 2 images
2025-09-20 19:39:59,464 - INFO - Fixed Smart Attendance System initialized
2025-09-20 19:39:59,464 - INFO - Base directory: C:/Users/atifk/Desktop/Attendence/attendance_project
2025-09-20 19:39:59,464 - INFO - Loaded 0 students from database
2025-09-20 19:39:59,630 - INFO - Starting batch registration from folders...
2025-09-20 19:39:59,631 - INFO - Registering Student 001 (STUDENT_001) with 2 images
2025-09-20 19:50:58,380 - INFO - ✓ Student 001: 2 images, 2 encodings
2025-09-20 19:50:58,396 - INFO - Registering Student 002 (STUDENT_002) with 2 images
2025-09-20 19:58:41,860 - INFO - ✓ Student 002: 2 images, 2 encodings
2025-09-20 19:58:41,872 - INFO - Registering Student 003 (STUDENT_003) with 2 images
2025-09-20 20:06:21,066 - INFO - ✓ Student 003: 2 images, 2 encodings
2025-09-20 20:06:21,074 - INFO - Registering Student 004 (STUDENT_004) with 2 images
2025-09-20 20:07:15,459 - INFO - ✓ Student 004: 2 images, 2 encodings
2025-09-20 20:07:15,510 - INFO - Registering Student 005 (STUDENT_005) with 2 images
2025-09-20 20:08:09,935 - INFO - ✓ Student 005: 2 images, 2 encodings
2025-09-20 20:08:09,938 - INFO - Registering Student 006 (STUDENT_006) with 2 images
2025-09-20 20:09:03,355 - INFO - ✓ Student 006: 2 images, 2 encodings
2025-09-20 20:09:03,357 - INFO - Registering Student 007 (STUDENT_007) with 2 images
2025-09-20 20:16:11,042 - INFO - ✓ Student 007: 2 images, 2 encodings
2025-09-20 20:16:11,042 - INFO - Registering Student 008 (STUDENT_008) with 2 images
2025-09-20 20:23:02,002 - INFO - ✓ Student 008: 2 images, 2 encodings
2025-09-20 20:23:02,002 - INFO - Registering Student 009 (STUDENT_009) with 2 images
2025-09-20 20:31:38,131 - INFO - ✓ Student 009: 2 images, 2 encodings
2025-09-20 20:31:38,146 - INFO - Registering Student 010 (STUDENT_010) with 2 images
2025-09-20 20:42:01,136 - INFO - ✓ Student 010: 2 images, 2 encodings
2025-09-20 20:42:01,165 - INFO - Registering Student 011 (STUDENT_011) with 2 images
2025-09-20 20:56:24,064 - INFO - ✓ Student 011: 2 images, 2 encodings
2025-09-20 20:56:24,077 - INFO - Registering Student 012 (STUDENT_012) with 2 images
2025-09-20 20:57:49,206 - INFO - ✓ Student 012: 2 images, 2 encodings
2025-09-20 20:57:49,217 - INFO - Registering Student 013 (STUDENT_013) with 2 images
2025-09-20 21:10:09,372 - INFO - ✓ Student 013: 2 images, 2 encodings
2025-09-20 21:10:09,394 - INFO - Registering Student 014 (STUDENT_014) with 2 images
2025-09-20 21:11:43,217 - INFO - ✓ Student 014: 2 images, 2 encodings
2025-09-20 21:11:43,220 - INFO - Registering Student 015 (STUDENT_015) with 2 images
2025-09-20 21:21:56,329 - INFO - ✓ Student 015: 2 images, 2 encodings
2025-09-20 21:21:56,345 - INFO - Registering Student 016 (STUDENT_016) with 2 images
2025-09-20 21:36:47,247 - INFO - ✓ Student 016: 2 images, 2 encodings
2025-09-20 21:36:47,265 - INFO - Registering Student 017 (STUDENT_017) with 2 images
2025-09-20 21:43:38,776 - INFO - ✓ Student 017: 2 images, 2 encodings
2025-09-20 21:43:38,794 - INFO - Registering Student 018 (STUDENT_018) with 2 images
2025-09-20 21:52:13,605 - INFO - ✓ Student 018: 2 images, 2 encodings
2025-09-20 21:52:13,615 - INFO - Registering Student 019 (STUDENT_019) with 2 images
2025-09-20 21:53:05,913 - INFO - ✓ Student 019: 2 images, 2 encodings
2025-09-20 21:53:05,953 - INFO - Database saved: 19 students
2025-09-20 21:53:33,974 - INFO - Loaded 19 students
2025-09-20 21:53:33,974 - INFO - Fixed Smart Attendance System initialized
2025-09-20 21:53:33,974 - INFO - Base directory: C:/Users/atifk/Desktop/Attendence/attendance_project
2025-09-20 21:53:33,975 - INFO - Loaded 19 students from database
2025-09-20 21:53:33,976 - INFO - Processing all classroom images from: C:/Users/atifk/Desktop/Attendence/attendance_project\classroom_photos
2025-09-20 21:53:33,977 - INFO - Processing image 1/4: group_photo1.jpg
2025-09-20 21:53:33,977 - INFO - Processing: group_photo1.jpg
2025-09-20 21:53:34,919 - INFO - Annotated image saved: annotated_20250920_215334.jpg
2025-09-20 21:53:34,919 - INFO - ✓ 3 students recognized from 3 faces detected
2025-09-20 21:53:34,920 - INFO - Processing image 2/4: IMG-20250920-WA0033.jpg
2025-09-20 21:53:34,920 - INFO - Processing: IMG-20250920-WA0033.jpg
2025-09-20 21:53:36,579 - INFO - Annotated image saved: annotated_20250920_215336.jpg
2025-09-20 21:53:36,579 - INFO - ✓ 2 students recognized from 2 faces detected
2025-09-20 21:53:36,579 - INFO - Processing image 3/4: group_photo1.jpg
2025-09-20 21:53:36,591 - INFO - Processing: group_photo1.jpg
2025-09-20 21:53:37,479 - INFO - Annotated image saved: annotated_20250920_215337.jpg
2025-09-20 21:53:37,479 - INFO - ✓ 3 students recognized from 3 faces detected
2025-09-20 21:53:37,479 - INFO - Processing image 4/4: IMG-20250920-WA0033.jpg
2025-09-20 21:53:37,479 - INFO - Processing: IMG-20250920-WA0033.jpg
2025-09-20 21:53:39,113 - INFO - Annotated image saved: annotated_20250920_215339.jpg
2025-09-20 21:53:39,113 - INFO - ✓ 2 students recognized from 2 faces detected
2025-09-20 21:54:04,800 - INFO - Loaded 19 students
2025-09-20 21:54:04,804 - INFO - Fixed Smart Attendance System initialized
2025-09-20 21:54:04,804 - INFO - Base directory: C:/Users/atifk/Desktop/Attendence/attendance_project
2025-09-20 21:54:04,804 - INFO - Loaded 19 students from database
2025-09-20 21:54:04,804 - INFO - Processing: group_photo1.jpg
2025-09-20 21:54:05,778 - INFO - Annotated image saved: annotated_20250920_215405.jpg
2025-09-20 21:54:05,778 - INFO - ✓ 3 students recognized from 3 faces detected
2025-09-20 21:54:27,425 - INFO - Loaded 19 students
2025-09-20 21:54:27,425 - INFO - Fixed Smart Attendance System initialized
2025-09-20 21:54:27,425 - INFO - Base directory: C:/Users/atifk/Desktop/Attendence/attendance_project
2025-09-20 21:54:27,425 - INFO - Loaded 19 students from database
2025-09-20 21:56:01,335 - INFO - Loaded 19 students
2025-09-20 21:56:01,335 - INFO - Fixed Smart Attendance System initialized
2025-09-20 21:56:01,335 - INFO - Base directory: C:/Users/atifk/Desktop/Attendence/attendance_project
2025-09-20 21:56:01,335 - INFO - Loaded 19 students from database
2025-09-20 21:56:59,164 - INFO - Loaded 19 students
2025-09-20 21:56:59,164 - INFO - Fixed Smart Attendance System initialized
2025-09-20 21:56:59,164 - INFO - Base directory: C:/Users/atifk/Desktop/Attendence/attendance_project
2025-09-20 21:56:59,164 - INFO - Loaded 19 students from database
2025-09-20 21:56:59,180 - INFO - Processing: group_photo1.jpg
2025-09-20 21:57:00,214 - INFO - Annotated image saved: annotated_20250920_215700.jpg
2025-09-20 21:57:00,214 - INFO - ✓ 3 students recognized from 3 faces detected
2025-09-20 21:57:00,224 - INFO - Processing: IMG-20250920-WA0033.jpg
2025-09-20 21:57:17,208 - INFO - Loaded 19 students
2025-09-20 21:57:17,208 - INFO - Fixed Smart Attendance System initialized
2025-09-20 21:57:17,208 - INFO - Base directory: C:/Users/atifk/Desktop/Attendence/attendance_project
2025-09-20 21:57:17,208 - INFO - Loaded 19 students from database
2025-09-20 21:57:56,612 - INFO - Loaded 19 students
2025-09-20 21:57:56,612 - INFO - Fixed Smart Attendance System initialized
2025-09-20 21:57:56,612 - INFO - Base directory: C:/Users/atifk/Desktop/Attendence/attendance_project
2025-09-20 21:57:56,612 - INFO - Loaded 19 students from database
2025-09-20 21:57:56,626 - INFO - Processing: group_photo1.jpg
2025-09-20 21:57:57,680 - INFO - Annotated image saved: annotated_20250920_215757.jpg
2025-09-20 21:57:57,680 - INFO - ✓ 3 students recognized from 3 faces detected
2025-09-20 21:58:04,433 - INFO - Loaded 19 students
2025-09-20 21:58:04,433 - INFO - Fixed Smart Attendance System initialized
2025-09-20 21:58:04,433 - INFO - Base directory: C:/Users/atifk/Desktop/Attendence/attendance_project
2025-09-20 21:58:04,433 - INFO - Loaded 19 students from database
2025-09-20 21:58:47,135 - INFO - Loaded 19 students
2025-09-20 21:58:47,135 - INFO - Fixed Smart Attendance System initialized
2025-09-20 21:58:47,135 - INFO - Base directory: C:/Users/atifk/Desktop/Attendence/attendance_project
2025-09-20 21:58:47,135 - INFO - Loaded 19 students from database
2025-09-20 21:58:47,150 - INFO - Processing: group_photo1.jpg
2025-09-20 21:58:48,201 - INFO - Annotated image saved: annotated_20250920_215848.jpg
2025-09-20 21:58:48,201 - INFO - ✓ 3 students recognized from 3 faces detected
2025-09-20 21:58:48,203 - INFO - Processing: IMG-20250920-WA0033.jpg
2025-09-20 21:58:50,099 - INFO - Annotated image saved: annotated_20250920_215850.jpg
2025-09-20 21:58:50,101 - INFO - ✓ 2 students recognized from 2 faces detected
2025-09-20 21:58:54,719 - INFO - Loaded 19 students
2025-09-20 21:58:54,719 - INFO - Fixed Smart Attendance System initialized
2025-09-20 21:58:54,719 - INFO - Base directory: C:/Users/atifk/Desktop/Attendence/attendance_project
2025-09-20 21:58:54,719 - INFO - Loaded 19 students from database
2025-09-20 21:58:54,725 - INFO - Processing: group_photo1.jpg
2025-09-20 21:58:55,769 - INFO - Annotated image saved: annotated_20250920_215855.jpg
2025-09-20 21:58:55,769 - INFO - ✓ 3 students recognized from 3 faces detected
2025-09-20 21:58:55,769 - INFO - Processing: IMG-20250920-WA0033.jpg
2025-09-20 21:59:04,685 - INFO - Loaded 19 students
2025-09-20 21:59:04,685 - INFO - Fixed Smart Attendance System initialized
2025-09-20 21:59:04,685 - INFO - Base directory: C:/Users/atifk/Desktop/Attendence/attendance_project
2025-09-20 21:59:04,685 - INFO - Loaded 19 students from database
2025-09-20 21:59:40,502 - INFO - Loaded 19 students
2025-09-20 21:59:40,502 - INFO - Fixed Smart Attendance System initialized
2025-09-20 21:59:40,502 - INFO - Base directory: C:/Users/atifk/Desktop/Attendence/attendance_project
2025-09-20 21:59:40,502 - INFO - Loaded 19 students from database
2025-09-20 21:59:40,502 - INFO - Processing: group_photo1.jpg
2025-09-20 21:59:41,507 - INFO - Annotated image saved: annotated_20250920_215941.jpg
2025-09-20 21:59:41,507 - INFO - ✓ 3 students recognized from 3 faces detected
2025-09-20 21:59:41,513 - INFO - Processing: IMG-20250920-WA0033.jpg
2025-09-20 21:59:43,370 - INFO - Annotated image saved: annotated_20250920_215943.jpg
2025-09-20 21:59:43,370 - INFO - ✓ 2 students recognized from 2 faces detected
2025-09-20 22:04:27,406 - INFO - Loaded 19 students
2025-09-20 22:04:27,407 - INFO - Fixed Smart Attendance System initialized
2025-09-20 22:04:27,407 - INFO - Base directory: C:/Users/atifk/Desktop/Attendence/attendance_project
2025-09-20 22:04:27,407 - INFO - Loaded 19 students from database
2025-09-20 22:06:36,512 - INFO - Loaded 19 students
2025-09-20 22:06:36,512 - INFO - Fixed Smart Attendance System initialized
2025-09-20 22:06:36,512 - INFO - Base directory: C:/Users/atifk/Desktop/Attendence/attendance_project
2025-09-20 22:06:36,512 - INFO - Loaded 19 students from database
2025-09-20 22:06:36,552 - INFO - Starting batch registration from folders...
2025-09-20 22:06:36,554 - INFO - Registering Student 001 (STUDENT_001) with 2 images
2025-09-20 22:18:10,030 - INFO - Loaded 19 students
2025-09-20 22:18:10,032 - INFO - Fixed Smart Attendance System initialized
2025-09-20 22:18:10,032 - INFO - Base directory: C:/Users/atifk/Desktop/Attendence/attendance_project
2025-09-20 22:18:10,032 - INFO - Loaded 19 students from database
2025-09-20 22:19:22,863 - INFO - Loaded 19 students
2025-09-20 22:19:22,863 - INFO - Fixed Smart Attendance System initialized
2025-09-20 22:19:22,863 - INFO - Base directory: C:/Users/atifk/Desktop/Attendence/attendance_project
2025-09-20 22:19:22,863 - INFO - Loaded 19 students from database
2025-09-20 22:19:22,896 - INFO - Starting batch registration from folders...
2025-09-20 22:19:22,901 - INFO - Registering Student 001 (STUDENT_001) with 2 images
2025-09-20 22:31:26,293 - INFO - Loaded 19 students
2025-09-20 22:31:26,293 - INFO - Fixed Smart Attendance System initialized
2025-09-20 22:31:26,293 - INFO - Base directory: C:/Users/atifk/Desktop/Attendence/attendance_project
2025-09-20 22:31:26,293 - INFO - Loaded 19 students from database
2025-09-20 22:32:51,063 - INFO - Loaded 19 students from database
2025-09-20 22:32:51,063 - INFO - Optimized Smart Attendance System initialized
2025-09-20 22:32:51,063 - INFO - Base directory: C:/Users/atifk/Desktop/Attendence/attendance_project
2025-09-20 22:32:51,063 - INFO - Loaded 19 students from database
2025-09-20 22:32:51,063 - INFO - Starting optimized batch registration from folders...
2025-09-20 22:32:51,063 - INFO - Registering Student 001 (STUDENT_001) with 2 images
2025-09-20 22:32:51,843 - INFO - ✓ Student 001: 2 images, 2 encodings
2025-09-20 22:32:51,843 - INFO - Registering Student 002 (STUDENT_002) with 2 images
2025-09-20 22:32:52,586 - INFO - ✓ Student 002: 2 images, 2 encodings
2025-09-20 22:32:52,586 - INFO - Registering Student 003 (STUDENT_003) with 2 images
2025-09-20 22:32:53,327 - INFO - ✓ Student 003: 2 images, 2 encodings
2025-09-20 22:32:53,327 - INFO - Registering Student 004 (STUDENT_004) with 2 images
2025-09-20 22:32:54,071 - INFO - ✓ Student 004: 2 images, 2 encodings
2025-09-20 22:32:54,071 - INFO - Registering Student 005 (STUDENT_005) with 2 images
2025-09-20 22:32:54,789 - INFO - ✓ Student 005: 2 images, 2 encodings
2025-09-20 22:32:54,789 - INFO - Registering Student 006 (STUDENT_006) with 2 images
2025-09-20 22:32:55,530 - INFO - ✓ Student 006: 2 images, 2 encodings
2025-09-20 22:32:55,546 - INFO - Registering Student 007 (STUDENT_007) with 2 images
2025-09-20 22:32:56,288 - INFO - ✓ Student 007: 2 images, 2 encodings
2025-09-20 22:32:56,289 - INFO - Registering Student 008 (STUDENT_008) with 2 images
2025-09-20 22:32:56,970 - INFO - ✓ Student 008: 2 images, 2 encodings
2025-09-20 22:32:56,970 - INFO - Registering Student 009 (STUDENT_009) with 2 images
2025-09-20 22:32:57,661 - INFO - ✓ Student 009: 2 images, 2 encodings
2025-09-20 22:32:57,661 - INFO - Registering Student 010 (STUDENT_010) with 2 images
2025-09-20 22:32:58,333 - INFO - ✓ Student 010: 2 images, 2 encodings
2025-09-20 22:32:58,333 - INFO - Registering Student 011 (STUDENT_011) with 2 images
2025-09-20 22:32:58,984 - INFO - ✓ Student 011: 2 images, 2 encodings
2025-09-20 22:32:58,984 - INFO - Registering Student 012 (STUDENT_012) with 2 images
2025-09-20 22:32:59,673 - INFO - ✓ Student 012: 2 images, 2 encodings
2025-09-20 22:32:59,673 - INFO - Registering Student 013 (STUDENT_013) with 2 images
2025-09-20 22:33:00,357 - INFO - ✓ Student 013: 2 images, 2 encodings
2025-09-20 22:33:00,357 - INFO - Registering Student 014 (STUDENT_014) with 2 images
2025-09-20 22:33:01,033 - INFO - ✓ Student 014: 2 images, 2 encodings
2025-09-20 22:33:01,033 - INFO - Registering Student 015 (STUDENT_015) with 2 images
2025-09-20 22:33:01,704 - INFO - ✓ Student 015: 2 images, 2 encodings
2025-09-20 22:33:01,704 - INFO - Registering Student 016 (STUDENT_016) with 2 images
2025-09-20 22:33:02,404 - INFO - ✓ Student 016: 2 images, 2 encodings
2025-09-20 22:33:02,404 - INFO - Registering Student 017 (STUDENT_017) with 2 images
2025-09-20 22:33:03,074 - INFO - ✓ Student 017: 2 images, 2 encodings
2025-09-20 22:33:03,074 - INFO - Registering Student 018 (STUDENT_018) with 2 images
2025-09-20 22:33:03,752 - INFO - ✓ Student 018: 2 images, 2 encodings
2025-09-20 22:33:03,752 - INFO - Registering Student 019 (STUDENT_019) with 2 images
2025-09-20 22:33:04,419 - INFO - ✓ Student 019: 2 images, 2 encodings
2025-09-20 22:33:04,435 - INFO - Database saved: 19 students
2025-09-20 22:33:35,892 - INFO - Loaded 19 students from database
2025-09-20 22:33:35,904 - INFO - Optimized Smart Attendance System initialized
2025-09-20 22:33:35,904 - INFO - Base directory: C:/Users/atifk/Desktop/Attendence/attendance_project
2025-09-20 22:33:35,904 - INFO - Loaded 19 students from database
2025-09-20 22:35:03,389 - INFO - Loaded 19 students from database
2025-09-20 22:35:03,394 - INFO - Optimized Smart Attendance System initialized
2025-09-20 22:35:03,394 - INFO - Base directory: C:/Users/atifk/Desktop/Attendence/attendance_project
2025-09-20 22:35:03,394 - INFO - Loaded 19 students from database
2025-09-20 22:35:03,397 - INFO - Starting optimized batch registration from folders...
2025-09-20 22:35:03,404 - INFO - Registering Student 001 (STUDENT_001) with 2 images
2025-09-20 22:35:04,146 - INFO - ✓ Student 001: 2 images, 2 encodings
2025-09-20 22:35:04,146 - INFO - Registering Student 002 (STUDENT_002) with 2 images
2025-09-20 22:35:04,957 - INFO - ✓ Student 002: 2 images, 2 encodings
2025-09-20 22:35:04,957 - INFO - Registering Student 003 (STUDENT_003) with 2 images
2025-09-20 22:35:05,689 - INFO - ✓ Student 003: 2 images, 2 encodings
2025-09-20 22:35:05,689 - INFO - Registering Student 004 (STUDENT_004) with 2 images
2025-09-20 22:35:06,376 - INFO - ✓ Student 004: 2 images, 2 encodings
2025-09-20 22:35:06,377 - INFO - Registering Student 005 (STUDENT_005) with 2 images
2025-09-20 22:35:07,042 - INFO - ✓ Student 005: 2 images, 2 encodings
2025-09-20 22:35:07,042 - INFO - Registering Student 006 (STUDENT_006) with 2 images
2025-09-20 22:35:07,719 - INFO - ✓ Student 006: 2 images, 2 encodings
2025-09-20 22:35:07,719 - INFO - Registering Student 007 (STUDENT_007) with 2 images
2025-09-20 22:35:08,415 - INFO - ✓ Student 007: 2 images, 2 encodings
2025-09-20 22:35:08,416 - INFO - Registering Student 008 (STUDENT_008) with 2 images
2025-09-20 22:35:09,110 - INFO - ✓ Student 008: 2 images, 2 encodings
2025-09-20 22:35:09,110 - INFO - Registering Student 009 (STUDENT_009) with 2 images
2025-09-20 22:35:09,823 - INFO - ✓ Student 009: 2 images, 2 encodings
2025-09-20 22:35:09,824 - INFO - Registering Student 010 (STUDENT_010) with 2 images
2025-09-20 22:35:10,531 - INFO - ✓ Student 010: 2 images, 2 encodings
2025-09-20 22:35:10,531 - INFO - Registering Student 011 (STUDENT_011) with 2 images
2025-09-20 22:35:11,240 - INFO - ✓ Student 011: 2 images, 2 encodings
2025-09-20 22:35:11,241 - INFO - Registering Student 012 (STUDENT_012) with 2 images
2025-09-20 22:35:11,926 - INFO - ✓ Student 012: 2 images, 2 encodings
2025-09-20 22:35:11,926 - INFO - Registering Student 013 (STUDENT_013) with 2 images
2025-09-20 22:35:12,662 - INFO - ✓ Student 013: 2 images, 2 encodings
2025-09-20 22:35:12,662 - INFO - Registering Student 014 (STUDENT_014) with 2 images
2025-09-20 22:35:13,482 - INFO - ✓ Student 014: 2 images, 2 encodings
2025-09-20 22:35:13,484 - INFO - Registering Student 015 (STUDENT_015) with 2 images
2025-09-20 22:35:14,329 - INFO - ✓ Student 015: 2 images, 2 encodings
2025-09-20 22:35:14,329 - INFO - Registering Student 016 (STUDENT_016) with 2 images
2025-09-20 22:35:15,154 - INFO - ✓ Student 016: 2 images, 2 encodings
2025-09-20 22:35:15,154 - INFO - Registering Student 017 (STUDENT_017) with 2 images
2025-09-20 22:35:16,067 - INFO - ✓ Student 017: 2 images, 2 encodings
2025-09-20 22:35:16,069 - INFO - Registering Student 018 (STUDENT_018) with 2 images
2025-09-20 22:35:16,861 - INFO - ✓ Student 018: 2 images, 2 encodings
2025-09-20 22:35:16,862 - INFO - Registering Student 019 (STUDENT_019) with 2 images
2025-09-20 22:35:17,649 - INFO - ✓ Student 019: 2 images, 2 encodings
2025-09-20 22:35:17,649 - INFO - Database saved: 19 students
2025-09-20 23:00:06,646 - INFO - Loaded 19 students from database
2025-09-20 23:00:06,646 - INFO - Optimized Smart Attendance System initialized
2025-09-20 23:00:06,646 - INFO - Base directory: C:/Users/atifk/Desktop/Attendence/attendance_project
2025-09-20 23:00:06,646 - INFO - Loaded 19 students from database
2025-09-20 23:00:06,655 - INFO - Starting optimized batch registration from folders...
2025-09-20 23:00:06,669 - INFO - Registering Student 001 (STUDENT_001) with 2 images
2025-09-20 23:00:07,382 - INFO - ✓ Student 001: 2 images, 2 encodings
2025-09-20 23:00:07,383 - INFO - Registering Student 002 (STUDENT_002) with 2 images
2025-09-20 23:00:08,136 - INFO - ✓ Student 002: 2 images, 2 encodings
2025-09-20 23:00:08,136 - INFO - Registering Student 003 (STUDENT_003) with 2 images
2025-09-20 23:00:08,902 - INFO - ✓ Student 003: 2 images, 2 encodings
2025-09-20 23:00:08,903 - INFO - Registering Student 004 (STUDENT_004) with 2 images
2025-09-20 23:00:09,642 - INFO - ✓ Student 004: 2 images, 2 encodings
2025-09-20 23:00:09,642 - INFO - Registering Student 005 (STUDENT_005) with 2 images
2025-09-20 23:00:10,374 - INFO - ✓ Student 005: 2 images, 2 encodings
2025-09-20 23:00:10,374 - INFO - Registering Student 006 (STUDENT_006) with 2 images
2025-09-20 23:00:11,087 - INFO - ✓ Student 006: 2 images, 2 encodings
2025-09-20 23:00:11,087 - INFO - Registering Student 007 (STUDENT_007) with 2 images
2025-09-20 23:00:11,770 - INFO - ✓ Student 007: 2 images, 2 encodings
2025-09-20 23:00:11,770 - INFO - Registering Student 008 (STUDENT_008) with 2 images
2025-09-20 23:00:12,439 - INFO - ✓ Student 008: 2 images, 2 encodings
2025-09-20 23:00:12,455 - INFO - Registering Student 009 (STUDENT_009) with 2 images
2025-09-20 23:00:13,266 - INFO - ✓ Student 009: 2 images, 2 encodings
2025-09-20 23:00:13,266 - INFO - Registering Student 010 (STUDENT_010) with 2 images
2025-09-20 23:00:14,131 - INFO - ✓ Student 010: 2 images, 2 encodings
2025-09-20 23:00:14,131 - INFO - Registering Student 011 (STUDENT_011) with 2 images
2025-09-20 23:00:14,937 - INFO - ✓ Student 011: 2 images, 2 encodings
2025-09-20 23:00:14,937 - INFO - Registering Student 012 (STUDENT_012) with 2 images
2025-09-20 23:00:15,721 - INFO - ✓ Student 012: 2 images, 2 encodings
2025-09-20 23:00:15,721 - INFO - Registering Student 013 (STUDENT_013) with 2 images
2025-09-20 23:00:16,523 - INFO - ✓ Student 013: 2 images, 2 encodings
2025-09-20 23:00:16,523 - INFO - Registering Student 014 (STUDENT_014) with 2 images
2025-09-20 23:00:17,304 - INFO - ✓ Student 014: 2 images, 2 encodings
2025-09-20 23:00:17,304 - INFO - Registering Student 015 (STUDENT_015) with 2 images
2025-09-20 23:00:18,069 - INFO - ✓ Student 015: 2 images, 2 encodings
2025-09-20 23:00:18,072 - INFO - Registering Student 016 (STUDENT_016) with 2 images
2025-09-20 23:00:18,839 - INFO - ✓ Student 016: 2 images, 2 encodings
2025-09-20 23:00:18,839 - INFO - Registering Student 017 (STUDENT_017) with 2 images
2025-09-20 23:00:19,605 - INFO - ✓ Student 017: 2 images, 2 encodings
2025-09-20 23:00:19,605 - INFO - Registering Student 018 (STUDENT_018) with 2 images
2025-09-20 23:00:20,375 - INFO - ✓ Student 018: 2 images, 2 encodings
2025-09-20 23:00:20,375 - INFO - Registering Student 019 (STUDENT_019) with 2 images
2025-09-20 23:00:21,169 - INFO - ✓ Student 019: 2 images, 2 encodings
2025-09-20 23:00:21,170 - INFO - Database saved: 19 students
2025-09-20 23:00:48,849 - INFO - Loaded 19 students from database
2025-09-20 23:00:49,179 - INFO - Optimized Smart Attendance System initialized
2025-09-20 23:00:49,179 - INFO - Base directory: C:/Users/atifk/Desktop/Attendence/attendance_project
2025-09-20 23:00:49,179 - INFO - Loaded 19 students from database
