2025-09-20 16:02:39,488 - INFO - Starting database initialization...
2025-09-20 16:02:39,503 - INFO - Students table created/verified
2025-09-20 16:02:39,520 - INFO - Attendance table created/verified
2025-09-20 16:02:39,538 - INFO - Classes table created/verified
2025-09-20 16:02:39,543 - INFO - System logs table created/verified
2025-09-20 16:02:39,566 - INFO - Face encodings metadata table created/verified
2025-09-20 16:02:39,632 - INFO - Performance indexes created
2025-09-20 16:02:39,642 - INFO - Database views created
2025-09-20 16:02:39,642 - INFO - Default data inserted
2025-09-20 16:02:39,649 - INFO - Table 'students' verified with 11 columns
2025-09-20 16:02:39,649 - INFO - Table 'attendance' verified with 10 columns
2025-09-20 16:02:39,649 - INFO - Table 'classes' verified with 10 columns
2025-09-20 16:02:39,649 - INFO - Table 'system_logs' verified with 11 columns
2025-09-20 16:02:39,649 - INFO - Table 'face_encodings_meta' verified with 7 columns
2025-09-20 16:02:39,649 - INFO - Created 2 database views
2025-09-20 16:02:39,649 - INFO - Created 12 performance indexes
2025-09-20 16:02:39,657 - INFO - Database initialization completed successfully!
2025-09-20 16:02:39,666 - INFO - Initialization report saved: database_init_report_20250920_160239.json
2025-09-20 16:04:04,498 - INFO - Added 5 sample students
2025-09-20 16:04:04,517 - INFO - Database backup created: backups\attendance_backup_20250920_160404.db
